2020-04-29 09:52:38.284 [main] INFO  o.t.bot.beldtp.BeldtpApplication - Starting BeldtpApplication on DESKTOP-JEKFCVD with PID 5116 (C:\Users\fontg\OneDrive\Desktop\beldtp\target\classes started by fontg in C:\Users\fontg\OneDrive\Desktop\beldtp)
2020-04-29 09:52:38.295 [main] INFO  o.t.bot.beldtp.BeldtpApplication - No active profile set, falling back to default profiles: default
2020-04-29 09:52:45.803 [main] INFO  o.s.d.r.c.RepositoryConfigurationDelegate - Bootstrapping Spring Data JPA repositories in DEFAULT mode.
2020-04-29 09:52:46.403 [main] INFO  o.s.d.r.c.RepositoryConfigurationDelegate - Finished Spring Data repository scanning in 555ms. Found 8 JPA repository interfaces.
2020-04-29 09:52:49.455 [main] INFO  o.s.c.s.PostProcessorRegistrationDelegate$BeanPostProcessorChecker - Bean 'handlerMap' of type [org.telegram.bot.beldtp.handler.HandlerMap] is not eligible for getting processed by all BeanPostProcessors (for example: not eligible for auto-proxying)
2020-04-29 09:52:51.105 [main] INFO  o.s.b.w.e.tomcat.TomcatWebServer - Tomcat initialized with port(s): 8080 (http)
2020-04-29 09:52:51.137 [main] INFO  o.a.coyote.http11.Http11NioProtocol - Initializing ProtocolHandler ["http-nio-8080"]
2020-04-29 09:52:51.140 [main] INFO  o.a.catalina.core.StandardService - Starting service [Tomcat]
2020-04-29 09:52:51.141 [main] INFO  o.a.catalina.core.StandardEngine - Starting Servlet engine: [Apache Tomcat/9.0.33]
2020-04-29 09:52:51.632 [main] INFO  o.a.c.c.C.[Tomcat].[localhost].[/] - Initializing Spring embedded WebApplicationContext
2020-04-29 09:52:51.632 [main] INFO  o.s.web.context.ContextLoader - Root WebApplicationContext: initialization completed in 13097 ms
2020-04-29 09:52:54.381 [main] INFO  o.h.jpa.internal.util.LogHelper - HHH000204: Processing PersistenceUnitInfo [name: default]
2020-04-29 09:52:54.888 [main] INFO  org.hibernate.Version - HHH000412: Hibernate ORM core version 5.4.12.Final
2020-04-29 09:52:55.478 [main] INFO  o.h.annotations.common.Version - HCANN000001: Hibernate Commons Annotations {5.1.0.Final}
2020-04-29 09:52:55.924 [main] INFO  com.zaxxer.hikari.HikariDataSource - HikariPool-1 - Starting...
2020-04-29 09:53:00.000 [main] INFO  com.zaxxer.hikari.HikariDataSource - HikariPool-1 - Start completed.
2020-04-29 09:53:00.137 [main] INFO  org.hibernate.dialect.Dialect - HHH000400: Using dialect: org.hibernate.dialect.MySQL8Dialect
2020-04-29 09:53:06.111 [main] INFO  o.h.e.t.j.p.i.JtaPlatformInitiator - HHH000490: Using JtaPlatform implementation: [org.hibernate.engine.transaction.jta.platform.internal.NoJtaPlatform]
2020-04-29 09:53:06.131 [main] INFO  o.s.o.j.LocalContainerEntityManagerFactoryBean - Initialized JPA EntityManagerFactory for persistence unit 'default'
2020-04-29 09:53:16.108 [main] INFO  org.telegram.bot.beldtp.BeldtpBot - username: beldtp_bot, token: 916910280:AAHJzI3sqRfwogeQQKhqNDbT0fbDY6X2dcA
2020-04-29 09:53:16.266 [main] INFO  o.s.b.f.a.AutowiredAnnotationBeanPostProcessor - Autowired annotation is not supported on static fields: private static int org.telegram.bot.beldtp.util.GenerateFileNameUtil.length
2020-04-29 09:53:16.496 [main] WARN  o.s.b.a.o.j.JpaBaseConfiguration$JpaWebConfiguration - spring.jpa.open-in-view is enabled by default. Therefore, database queries may be performed during view rendering. Explicitly configure spring.jpa.open-in-view to disable this warning
2020-04-29 09:53:17.246 [main] INFO  o.s.s.c.ThreadPoolTaskExecutor - Initializing ExecutorService 'applicationTaskExecutor'
2020-04-29 09:53:18.274 [main] INFO  c.g.x.b.TelegramBotAutoConfiguration - Starting auto config for telegram bots
2020-04-29 09:53:18.372 [main] INFO  c.g.x.b.TelegramBotAutoConfiguration - Initializing API without webhook support
2020-04-29 09:53:18.393 [main] INFO  c.g.x.b.TelegramBotAutoConfiguration - Registering polling bot: beldtp_bot
2020-04-29 09:53:19.853 [main] INFO  o.s.s.c.ThreadPoolTaskScheduler - Initializing ExecutorService 'taskScheduler'
2020-04-29 09:53:20.472 [main] INFO  o.a.coyote.http11.Http11NioProtocol - Starting ProtocolHandler ["http-nio-8080"]
2020-04-29 09:53:21.150 [main] INFO  o.s.b.w.e.tomcat.TomcatWebServer - Tomcat started on port(s): 8080 (http) with context path ''
2020-04-29 09:53:21.155 [main] INFO  o.t.bot.beldtp.BeldtpApplication - Started BeldtpApplication in 45.661 seconds (JVM running for 50.971)
2020-04-29 09:57:16.114 [beldtp_bot Telegram Executor] ERROR o.t.bot.beldtp.handler.UpdateHandler - NullPointerException in Update{updateId=490011014, message=null, inlineQuery=null, chosenInlineQuery=null, callbackQuery=CallbackQuery{id='2204730629373932766', from=User{id=513328851, firstName='Eda', isBot=false, lastName='Petyun', userName='null', languageCode='ru', canJoinGroups=null, canReadAllGroupMessages=null, supportInlineQueries=null}, message=Message{messageId=9325, from=User{id=916910280, firstName='ДТП Беларусь ⛍', isBot=true, lastName='null', userName='beldtp_bot', languageCode='null', canJoinGroups=null, canReadAllGroupMessages=null, supportInlineQueries=null}, date=1588143410, chat=Chat{id=513328851, type='private', title='null', firstName='Eda', lastName='Petyun', userName='null', allMembersAreAdministrators=null, photo=null, description='null', inviteLink='null', pinnedMessage=null, stickerSetName='null', canSetStickerSet=null, permissions=null, slowModeDelay=null}, forwardFrom=null, forwardFromChat=null, forwardDate=null, text='Choose the time when this incident happened.', entities=null, captionEntities=null, audio=null, document=null, photo=null, sticker=null, video=null, contact=null, location=null, venue=null, animation=null, pinnedMessage=null, newChatMembers=null, leftChatMember=null, newChatTitle='null', newChatPhoto=null, deleteChatPhoto=null, groupchatCreated=null, replyToMessage=null, voice=null, caption='null', superGroupCreated=null, channelChatCreated=null, migrateToChatId=null, migrateFromChatId=null, editDate=1588143435, game=null, forwardFromMessageId=null, invoice=null, successfulPayment=null, videoNote=null, authorSignature='null', forwardSignature='null', mediaGroupId='null', connectedWebsite='null', passportData=null, forwardSenderName='null', poll=null, replyMarkup=InlineKeyboardMarkup{inline_keyboard=[[InlineKeyboardButton{text='Now', url='null', callbackData='timeNow', callbackGame=null, switchInlineQuery='null', switchInlineQueryCurrentChat='null', pay=null, loginUrl=null}], [InlineKeyboardButton{text='Today', url='null', callbackData='timeToday', callbackGame=null, switchInlineQuery='null', switchInlineQueryCurrentChat='null', pay=null, loginUrl=null}], [InlineKeyboardButton{text='Yesterday', url='null', callbackData='timeYesterday', callbackGame=null, switchInlineQuery='null', switchInlineQueryCurrentChat='null', pay=null, loginUrl=null}], [InlineKeyboardButton{text='Choose another time', url='null', callbackData='timeSelect', callbackGame=null, switchInlineQuery='null', switchInlineQueryCurrentChat='null', pay=null, loginUrl=null}], [InlineKeyboardButton{text='◀️ Back', url='null', callbackData='back', callbackGame=null, switchInlineQuery='null', switchInlineQueryCurrentChat='null', pay=null, loginUrl=null}]]}}, inlineMessageId='null', data='back', gameShortName='null', chatInstance='-2909631724609410471'}, editedMessage=null, channelPost=null, editedChannelPost=null, shippingQuery=null, preCheckoutQuery=null, poll=null, pollAnswer=null} ; from User{id=513328851, firstName='Eda', lastName='Petyun', username='null', role=USER, incident=[75], language=EN, status=[start, main, add]}
java.lang.NullPointerException: null
	at org.telegram.bot.beldtp.handler.subclasses.add.AddTimeHandler.getLabel(AddTimeHandler.java:53)
	at org.telegram.bot.beldtp.util.InlineKeyboardMarkupUtil.convert(InlineKeyboardMarkupUtil.java:62)
	at org.telegram.bot.beldtp.util.InlineKeyboardMarkupUtil.lambda$convert$0(InlineKeyboardMarkupUtil.java:69)
	at java.base/java.util.stream.ReferencePipeline$3$1.accept(ReferencePipeline.java:195)
	at java.base/java.util.Spliterators$ArraySpliterator.forEachRemaining(Spliterators.java:948)
	at java.base/java.util.stream.AbstractPipeline.copyInto(AbstractPipeline.java:484)
	at java.base/java.util.stream.AbstractPipeline.wrapAndCopyInto(AbstractPipeline.java:474)
	at java.base/java.util.stream.ReduceOps$ReduceOp.evaluateSequential(ReduceOps.java:913)
	at java.base/java.util.stream.AbstractPipeline.evaluate(AbstractPipeline.java:234)
	at java.base/java.util.stream.ReferencePipeline.collect(ReferencePipeline.java:578)
	at org.telegram.bot.beldtp.util.InlineKeyboardMarkupUtil.convert(InlineKeyboardMarkupUtil.java:70)
	at org.telegram.bot.beldtp.handler.subclasses.AddHandler.getInlineKeyboardMarkup(AddHandler.java:46)
	at org.telegram.bot.beldtp.handler.Handler.getEditMessageText(Handler.java:69)
	at org.telegram.bot.beldtp.handler.Handler.getMessage(Handler.java:81)
	at org.telegram.bot.beldtp.handler.subclasses.BackHandler.getMessage(BackHandler.java:37)
	at org.telegram.bot.beldtp.handler.Handler.transaction(Handler.java:113)
	at org.telegram.bot.beldtp.handler.Handler.handle(Handler.java:100)
	at org.telegram.bot.beldtp.handler.UpdateHandler.handle(UpdateHandler.java:82)
	at org.telegram.bot.beldtp.handler.UpdateHandler$$FastClassBySpringCGLIB$$9e254c10.invoke(<generated>)
	at org.springframework.cglib.proxy.MethodProxy.invoke(MethodProxy.java:218)
	at org.springframework.aop.framework.CglibAopProxy$CglibMethodInvocation.invokeJoinpoint(CglibAopProxy.java:771)
	at org.springframework.aop.framework.ReflectiveMethodInvocation.proceed(ReflectiveMethodInvocation.java:163)
	at org.springframework.aop.framework.CglibAopProxy$CglibMethodInvocation.proceed(CglibAopProxy.java:749)
	at org.springframework.transaction.interceptor.TransactionAspectSupport.invokeWithinTransaction(TransactionAspectSupport.java:366)
	at org.springframework.transaction.interceptor.TransactionInterceptor.invoke(TransactionInterceptor.java:118)
	at org.springframework.aop.framework.ReflectiveMethodInvocation.proceed(ReflectiveMethodInvocation.java:186)
	at org.springframework.aop.framework.CglibAopProxy$CglibMethodInvocation.proceed(CglibAopProxy.java:749)
	at org.springframework.aop.framework.CglibAopProxy$DynamicAdvisedInterceptor.intercept(CglibAopProxy.java:691)
	at org.telegram.bot.beldtp.handler.UpdateHandler$$EnhancerBySpringCGLIB$$2692c61.handle(<generated>)
	at org.telegram.bot.beldtp.BeldtpBot.onUpdateReceived(BeldtpBot.java:44)
	at java.base/java.util.ArrayList.forEach(ArrayList.java:1507)
	at org.telegram.telegrambots.meta.generics.LongPollingBot.onUpdatesReceived(LongPollingBot.java:27)
	at org.telegram.telegrambots.updatesreceivers.DefaultBotSession$HandlerThread.run(DefaultBotSession.java:312)
2020-04-29 09:57:16.896 [beldtp_bot Telegram Executor] ERROR o.t.t.u.DefaultBotSession - null
java.lang.NullPointerException: null
	at org.telegram.bot.beldtp.handler.subclasses.add.AddTimeHandler.getLabel(AddTimeHandler.java:53)
	at org.telegram.bot.beldtp.util.InlineKeyboardMarkupUtil.convert(InlineKeyboardMarkupUtil.java:62)
	at org.telegram.bot.beldtp.util.InlineKeyboardMarkupUtil.lambda$convert$0(InlineKeyboardMarkupUtil.java:69)
	at java.base/java.util.stream.ReferencePipeline$3$1.accept(ReferencePipeline.java:195)
	at java.base/java.util.Spliterators$ArraySpliterator.forEachRemaining(Spliterators.java:948)
	at java.base/java.util.stream.AbstractPipeline.copyInto(AbstractPipeline.java:484)
	at java.base/java.util.stream.AbstractPipeline.wrapAndCopyInto(AbstractPipeline.java:474)
	at java.base/java.util.stream.ReduceOps$ReduceOp.evaluateSequential(ReduceOps.java:913)
	at java.base/java.util.stream.AbstractPipeline.evaluate(AbstractPipeline.java:234)
	at java.base/java.util.stream.ReferencePipeline.collect(ReferencePipeline.java:578)
	at org.telegram.bot.beldtp.util.InlineKeyboardMarkupUtil.convert(InlineKeyboardMarkupUtil.java:70)
	at org.telegram.bot.beldtp.handler.subclasses.AddHandler.getInlineKeyboardMarkup(AddHandler.java:46)
	at org.telegram.bot.beldtp.handler.Handler.getSendMessage(Handler.java:58)
	at org.telegram.bot.beldtp.handler.ExceptionHandler.getMessage(ExceptionHandler.java:52)
	at org.telegram.bot.beldtp.handler.UpdateHandler.handle(UpdateHandler.java:97)
	at org.telegram.bot.beldtp.handler.UpdateHandler$$FastClassBySpringCGLIB$$9e254c10.invoke(<generated>)
	at org.springframework.cglib.proxy.MethodProxy.invoke(MethodProxy.java:218)
	at org.springframework.aop.framework.CglibAopProxy$CglibMethodInvocation.invokeJoinpoint(CglibAopProxy.java:771)
	at org.springframework.aop.framework.ReflectiveMethodInvocation.proceed(ReflectiveMethodInvocation.java:163)
	at org.springframework.aop.framework.CglibAopProxy$CglibMethodInvocation.proceed(CglibAopProxy.java:749)
	at org.springframework.transaction.interceptor.TransactionAspectSupport.invokeWithinTransaction(TransactionAspectSupport.java:366)
	at org.springframework.transaction.interceptor.TransactionInterceptor.invoke(TransactionInterceptor.java:118)
	at org.springframework.aop.framework.ReflectiveMethodInvocation.proceed(ReflectiveMethodInvocation.java:186)
	at org.springframework.aop.framework.CglibAopProxy$CglibMethodInvocation.proceed(CglibAopProxy.java:749)
	at org.springframework.aop.framework.CglibAopProxy$DynamicAdvisedInterceptor.intercept(CglibAopProxy.java:691)
	at org.telegram.bot.beldtp.handler.UpdateHandler$$EnhancerBySpringCGLIB$$2692c61.handle(<generated>)
	at org.telegram.bot.beldtp.BeldtpBot.onUpdateReceived(BeldtpBot.java:44)
	at java.base/java.util.ArrayList.forEach(ArrayList.java:1507)
	at org.telegram.telegrambots.meta.generics.LongPollingBot.onUpdatesReceived(LongPollingBot.java:27)
	at org.telegram.telegrambots.updatesreceivers.DefaultBotSession$HandlerThread.run(DefaultBotSession.java:312)
2020-04-29 09:59:33.469 [SpringContextShutdownHook] INFO  o.s.s.c.ThreadPoolTaskScheduler - Shutting down ExecutorService 'taskScheduler'
2020-04-29 09:59:47.701 [main] INFO  o.t.bot.beldtp.BeldtpApplication - Starting BeldtpApplication on DESKTOP-JEKFCVD with PID 2204 (C:\Users\fontg\OneDrive\Desktop\beldtp\target\classes started by fontg in C:\Users\fontg\OneDrive\Desktop\beldtp)
2020-04-29 09:59:47.717 [main] INFO  o.t.bot.beldtp.BeldtpApplication - No active profile set, falling back to default profiles: default
2020-04-29 09:59:51.889 [main] INFO  o.s.d.r.c.RepositoryConfigurationDelegate - Bootstrapping Spring Data JPA repositories in DEFAULT mode.
2020-04-29 09:59:52.324 [main] INFO  o.s.d.r.c.RepositoryConfigurationDelegate - Finished Spring Data repository scanning in 411ms. Found 8 JPA repository interfaces.
2020-04-29 09:59:53.390 [main] INFO  o.s.c.s.PostProcessorRegistrationDelegate$BeanPostProcessorChecker - Bean 'handlerMap' of type [org.telegram.bot.beldtp.handler.HandlerMap] is not eligible for getting processed by all BeanPostProcessors (for example: not eligible for auto-proxying)
2020-04-29 09:59:54.436 [main] INFO  o.s.b.w.e.tomcat.TomcatWebServer - Tomcat initialized with port(s): 8080 (http)
2020-04-29 09:59:54.456 [main] INFO  o.a.coyote.http11.Http11NioProtocol - Initializing ProtocolHandler ["http-nio-8080"]
2020-04-29 09:59:54.457 [main] INFO  o.a.catalina.core.StandardService - Starting service [Tomcat]
2020-04-29 09:59:54.457 [main] INFO  o.a.catalina.core.StandardEngine - Starting Servlet engine: [Apache Tomcat/9.0.33]
2020-04-29 09:59:54.847 [main] INFO  o.a.c.c.C.[Tomcat].[localhost].[/] - Initializing Spring embedded WebApplicationContext
2020-04-29 09:59:54.847 [main] INFO  o.s.web.context.ContextLoader - Root WebApplicationContext: initialization completed in 6843 ms
2020-04-29 09:59:55.372 [main] INFO  o.h.jpa.internal.util.LogHelper - HHH000204: Processing PersistenceUnitInfo [name: default]
2020-04-29 09:59:55.577 [main] INFO  org.hibernate.Version - HHH000412: Hibernate ORM core version 5.4.12.Final
2020-04-29 09:59:56.076 [main] INFO  o.h.annotations.common.Version - HCANN000001: Hibernate Commons Annotations {5.1.0.Final}
2020-04-29 09:59:56.432 [main] INFO  com.zaxxer.hikari.HikariDataSource - HikariPool-1 - Starting...
2020-04-29 09:59:58.852 [main] INFO  com.zaxxer.hikari.HikariDataSource - HikariPool-1 - Start completed.
2020-04-29 09:59:58.899 [main] INFO  org.hibernate.dialect.Dialect - HHH000400: Using dialect: org.hibernate.dialect.MySQL8Dialect
2020-04-29 10:00:03.186 [main] INFO  o.h.e.t.j.p.i.JtaPlatformInitiator - HHH000490: Using JtaPlatform implementation: [org.hibernate.engine.transaction.jta.platform.internal.NoJtaPlatform]
2020-04-29 10:00:03.200 [main] INFO  o.s.o.j.LocalContainerEntityManagerFactoryBean - Initialized JPA EntityManagerFactory for persistence unit 'default'
2020-04-29 10:00:06.463 [main] INFO  org.telegram.bot.beldtp.BeldtpBot - username: beldtp_bot, token: 916910280:AAHJzI3sqRfwogeQQKhqNDbT0fbDY6X2dcA
2020-04-29 10:00:06.517 [main] INFO  o.s.b.f.a.AutowiredAnnotationBeanPostProcessor - Autowired annotation is not supported on static fields: private static int org.telegram.bot.beldtp.util.GenerateFileNameUtil.length
2020-04-29 10:00:06.607 [main] WARN  o.s.b.a.o.j.JpaBaseConfiguration$JpaWebConfiguration - spring.jpa.open-in-view is enabled by default. Therefore, database queries may be performed during view rendering. Explicitly configure spring.jpa.open-in-view to disable this warning
2020-04-29 10:00:06.914 [main] INFO  o.s.s.c.ThreadPoolTaskExecutor - Initializing ExecutorService 'applicationTaskExecutor'
2020-04-29 10:00:07.174 [main] INFO  c.g.x.b.TelegramBotAutoConfiguration - Starting auto config for telegram bots
2020-04-29 10:00:07.181 [main] INFO  c.g.x.b.TelegramBotAutoConfiguration - Initializing API without webhook support
2020-04-29 10:00:07.183 [main] INFO  c.g.x.b.TelegramBotAutoConfiguration - Registering polling bot: beldtp_bot
2020-04-29 10:00:08.126 [main] INFO  o.s.s.c.ThreadPoolTaskScheduler - Initializing ExecutorService 'taskScheduler'
2020-04-29 10:00:08.193 [main] INFO  o.a.coyote.http11.Http11NioProtocol - Starting ProtocolHandler ["http-nio-8080"]
2020-04-29 10:00:08.814 [main] INFO  o.s.b.w.e.tomcat.TomcatWebServer - Tomcat started on port(s): 8080 (http) with context path ''
2020-04-29 10:00:08.818 [main] INFO  o.t.bot.beldtp.BeldtpApplication - Started BeldtpApplication in 23.072 seconds (JVM running for 26.255)
2020-04-29 10:03:00.467 [beldtp_bot Telegram Executor] INFO  c.b.jopencage.JOpenCageGeocoder - JOpencage request url 'http://api.opencagedata.com/geocode/v1/json?query=53.69791030883789+23.81623649597168&language=be&key=70d4c4c8e77f4f0295326d84e5cfeaa2'
2020-04-29 10:06:44.896 [SpringContextShutdownHook] INFO  o.s.s.c.ThreadPoolTaskScheduler - Shutting down ExecutorService 'taskScheduler'
